  OthelloBoard.cpp
C:\Program Files (x86)\Microsoft Visual Studio\2019\Community\VC\Tools\MSVC\14.25.28610\include\xmemory(671,82): error C2280: 'std::unique_ptr<OthelloMove,std::default_delete<OthelloMove>>::unique_ptr(const std::unique_ptr<OthelloMove,std::default_delete<OthelloMove>> &)': attempting to reference a deleted function
C:\Program Files (x86)\Microsoft Visual Studio\2019\Community\VC\Tools\MSVC\14.25.28610\include\memory(1912): message : see declaration of 'std::unique_ptr<OthelloMove,std::default_delete<OthelloMove>>::unique_ptr'
C:\Program Files (x86)\Microsoft Visual Studio\2019\Community\VC\Tools\MSVC\14.25.28610\include\memory(1912,5): message : 'std::unique_ptr<OthelloMove,std::default_delete<OthelloMove>>::unique_ptr(const std::unique_ptr<OthelloMove,std::default_delete<OthelloMove>> &)': function was explicitly deleted
C:\Program Files (x86)\Microsoft Visual Studio\2019\Community\VC\Tools\MSVC\14.25.28610\include\vector(682): message : see reference to function template instantiation 'void std::_Default_allocator_traits<_Alloc>::construct<_Ty,const _Ty&>(_Alloc &,_Objty *const ,const _Ty &)' being compiled
          with
          [
              _Alloc=std::allocator<std::unique_ptr<OthelloMove,std::default_delete<OthelloMove>>>,
              _Ty=std::unique_ptr<OthelloMove,std::default_delete<OthelloMove>>,
              _Objty=std::unique_ptr<OthelloMove,std::default_delete<OthelloMove>>
          ]
C:\Program Files (x86)\Microsoft Visual Studio\2019\Community\VC\Tools\MSVC\14.25.28610\include\vector(687): message : see reference to function template instantiation 'void std::_Default_allocator_traits<_Alloc>::construct<_Ty,const _Ty&>(_Alloc &,_Objty *const ,const _Ty &)' being compiled
          with
          [
              _Alloc=std::allocator<std::unique_ptr<OthelloMove,std::default_delete<OthelloMove>>>,
              _Ty=std::unique_ptr<OthelloMove,std::default_delete<OthelloMove>>,
              _Objty=std::unique_ptr<OthelloMove,std::default_delete<OthelloMove>>
          ]
C:\Program Files (x86)\Microsoft Visual Studio\2019\Community\VC\Tools\MSVC\14.25.28610\include\vector(700): message : see reference to function template instantiation 'void std::vector<std::unique_ptr<OthelloMove,std::default_delete<OthelloMove>>,std::allocator<std::unique_ptr<OthelloMove,std::default_delete<OthelloMove>>>>::_Emplace_back_with_unused_capacity<const _Ty&>(const _Ty &)' being compiled
          with
          [
              _Ty=std::unique_ptr<OthelloMove,std::default_delete<OthelloMove>>
          ]
C:\Program Files (x86)\Microsoft Visual Studio\2019\Community\VC\Tools\MSVC\14.25.28610\include\vector(717): message : see reference to function template instantiation 'void std::vector<std::unique_ptr<OthelloMove,std::default_delete<OthelloMove>>,std::allocator<std::unique_ptr<OthelloMove,std::default_delete<OthelloMove>>>>::emplace_back<const _Ty&>(const _Ty &)' being compiled
          with
          [
              _Ty=std::unique_ptr<OthelloMove,std::default_delete<OthelloMove>>
          ]
C:\Program Files (x86)\Microsoft Visual Studio\2019\Community\VC\Tools\MSVC\14.25.28610\include\vector(716): message : while compiling class template member function 'void std::vector<std::unique_ptr<OthelloMove,std::default_delete<OthelloMove>>,std::allocator<std::unique_ptr<OthelloMove,std::default_delete<OthelloMove>>>>::push_back(const _Ty &)'
          with
          [
              _Ty=std::unique_ptr<OthelloMove,std::default_delete<OthelloMove>>
          ]
C:\Users\hinab\source\repos\MoorOthello\MoorOthello\OthelloBoard.cpp(9): message : see reference to function template instantiation 'void std::vector<std::unique_ptr<OthelloMove,std::default_delete<OthelloMove>>,std::allocator<std::unique_ptr<OthelloMove,std::default_delete<OthelloMove>>>>::push_back(const _Ty &)' being compiled
          with
          [
              _Ty=std::unique_ptr<OthelloMove,std::default_delete<OthelloMove>>
          ]
C:\Users\hinab\source\repos\MoorOthello\MoorOthello\OthelloBoard.h(95): message : see reference to class template instantiation 'std::vector<std::unique_ptr<OthelloMove,std::default_delete<OthelloMove>>,std::allocator<std::unique_ptr<OthelloMove,std::default_delete<OthelloMove>>>>' being compiled
